This is pdfTeX, Version 3.141592653-2.6-1.40.25 (TeX Live 2023) (preloaded format=pdflatex 2024.1.22)  25 JAN 2024 14:06
entering extended mode
 restricted \write18 enabled.
 file:line:error style messages enabled.
 %&-line parsing enabled.
**/Users/adela.patcas/Desktop/mmanps/proiect/LATEX_ADELA.tex
(/Users/adela.patcas/Desktop/mmanps/proiect/LATEX_ADELA.tex
LaTeX2e <2022-11-01> patch level 1
L3 programming layer <2023-02-22> (/usr/local/texlive/2023/texmf-dist/tex/latex/base/book.cls
Document Class: book 2022/07/02 v1.4n Standard LaTeX document class
(/usr/local/texlive/2023/texmf-dist/tex/latex/base/bk10.clo
File: bk10.clo 2022/07/02 v1.4n Standard LaTeX file (size option)
)
\c@part=\count185
\c@chapter=\count186
\c@section=\count187
\c@subsection=\count188
\c@subsubsection=\count189
\c@paragraph=\count190
\c@subparagraph=\count191
\c@figure=\count192
\c@table=\count193
\abovecaptionskip=\skip48
\belowcaptionskip=\skip49
\bibindent=\dimen140
) (/usr/local/texlive/2023/texmf-dist/tex/latex/amsfonts/amssymb.sty
Package: amssymb 2013/01/14 v3.01 AMS font symbols
 (/usr/local/texlive/2023/texmf-dist/tex/latex/amsfonts/amsfonts.sty
Package: amsfonts 2013/01/14 v3.01 Basic AMSFonts support
\@emptytoks=\toks16
\symAMSa=\mathgroup4
\symAMSb=\mathgroup5
LaTeX Font Info:    Redeclaring math symbol \hbar on input line 98.
LaTeX Font Info:    Overwriting math alphabet `\mathfrak' in version `bold'
(Font)                  U/euf/m/n --> U/euf/b/n on input line 106.
)) (/usr/local/texlive/2023/texmf-dist/tex/latex/amsmath/amsmath.sty
Package: amsmath 2022/04/08 v2.17n AMS math features
\@mathmargin=\skip50

For additional information on amsmath, use the `?' option.
(/usr/local/texlive/2023/texmf-dist/tex/latex/amsmath/amstext.sty
Package: amstext 2021/08/26 v2.01 AMS text
 (/usr/local/texlive/2023/texmf-dist/tex/latex/amsmath/amsgen.sty
File: amsgen.sty 1999/11/30 v2.0 generic functions
\@emptytoks=\toks17
\ex@=\dimen141
)) (/usr/local/texlive/2023/texmf-dist/tex/latex/amsmath/amsbsy.sty
Package: amsbsy 1999/11/29 v1.2d Bold Symbols
\pmbraise@=\dimen142
) (/usr/local/texlive/2023/texmf-dist/tex/latex/amsmath/amsopn.sty
Package: amsopn 2022/04/08 v2.04 operator names
)
\inf@bad=\count194
LaTeX Info: Redefining \frac on input line 234.
\uproot@=\count195
\leftroot@=\count196
LaTeX Info: Redefining \overline on input line 399.
LaTeX Info: Redefining \colon on input line 410.
\classnum@=\count197
\DOTSCASE@=\count198
LaTeX Info: Redefining \ldots on input line 496.
LaTeX Info: Redefining \dots on input line 499.
LaTeX Info: Redefining \cdots on input line 620.
\Mathstrutbox@=\box51
\strutbox@=\box52
LaTeX Info: Redefining \big on input line 722.
LaTeX Info: Redefining \Big on input line 723.
LaTeX Info: Redefining \bigg on input line 724.
LaTeX Info: Redefining \Bigg on input line 725.
\big@size=\dimen143
LaTeX Font Info:    Redeclaring font encoding OML on input line 743.
LaTeX Font Info:    Redeclaring font encoding OMS on input line 744.
\macc@depth=\count199
LaTeX Info: Redefining \bmod on input line 905.
LaTeX Info: Redefining \pmod on input line 910.
LaTeX Info: Redefining \smash on input line 940.
LaTeX Info: Redefining \relbar on input line 970.
LaTeX Info: Redefining \Relbar on input line 971.
\c@MaxMatrixCols=\count266
\dotsspace@=\muskip16
\c@parentequation=\count267
\dspbrk@lvl=\count268
\tag@help=\toks18
\row@=\count269
\column@=\count270
\maxfields@=\count271
\andhelp@=\toks19
\eqnshift@=\dimen144
\alignsep@=\dimen145
\tagshift@=\dimen146
\tagwidth@=\dimen147
\totwidth@=\dimen148
\lineht@=\dimen149
\@envbody=\toks20
\multlinegap=\skip51
\multlinetaggap=\skip52
\mathdisplay@stack=\toks21
LaTeX Info: Redefining \[ on input line 2953.
LaTeX Info: Redefining \] on input line 2954.
) (/usr/local/texlive/2023/texmf-dist/tex/latex/graphics/graphicx.sty
Package: graphicx 2021/09/16 v1.2d Enhanced LaTeX Graphics (DPC,SPQR)
 (/usr/local/texlive/2023/texmf-dist/tex/latex/graphics/keyval.sty
Package: keyval 2022/05/29 v1.15 key=value parser (DPC)
\KV@toks@=\toks22
) (/usr/local/texlive/2023/texmf-dist/tex/latex/graphics/graphics.sty
Package: graphics 2022/03/10 v1.4e Standard LaTeX Graphics (DPC,SPQR)
 (/usr/local/texlive/2023/texmf-dist/tex/latex/graphics/trig.sty
Package: trig 2021/08/11 v1.11 sin cos tan (DPC)
) (/usr/local/texlive/2023/texmf-dist/tex/latex/graphics-cfg/graphics.cfg
File: graphics.cfg 2016/06/04 v1.11 sample graphics configuration
)
Package graphics Info: Driver file: pdftex.def on input line 107.
 (/usr/local/texlive/2023/texmf-dist/tex/latex/graphics-def/pdftex.def
File: pdftex.def 2022/09/22 v1.2b Graphics/color driver for pdftex
))
\Gin@req@height=\dimen150
\Gin@req@width=\dimen151
) (/usr/local/texlive/2023/texmf-dist/tex/latex/base/fontenc.sty
Package: fontenc 2021/04/29 v2.0v Standard LaTeX package
) (/usr/local/texlive/2023/texmf-dist/tex/latex/fancyhdr/fancyhdr.sty
Package: fancyhdr 2022/11/09 v4.1 Extensive control of page headers and footers
\f@nch@headwidth=\skip53
\f@nch@O@elh=\skip54
\f@nch@O@erh=\skip55
\f@nch@O@olh=\skip56
\f@nch@O@orh=\skip57
\f@nch@O@elf=\skip58
\f@nch@O@erf=\skip59
\f@nch@O@olf=\skip60
\f@nch@O@orf=\skip61
) (/usr/local/texlive/2023/texmf-dist/tex/latex/footmisc/footmisc.sty
Package: footmisc 2022/03/08 v6.0d a miscellany of footnote facilities
\FN@temptoken=\toks23
\footnotemargin=\dimen152
\@outputbox@depth=\dimen153
Package footmisc Info: Declaring symbol style bringhurst on input line 695.
Package footmisc Info: Declaring symbol style chicago on input line 703.
Package footmisc Info: Declaring symbol style wiley on input line 712.
Package footmisc Info: Declaring symbol style lamport-robust on input line 723.
Package footmisc Info: Declaring symbol style lamport* on input line 743.
Package footmisc Info: Declaring symbol style lamport*-robust on input line 764.
) (/usr/local/texlive/2023/texmf-dist/tex/generic/babel/babel.sty
Package: babel 2023/02/13 3.86 The Babel package
\babel@savecnt=\count272
\U@D=\dimen154
\l@unhyphenated=\language87
 (/usr/local/texlive/2023/texmf-dist/tex/generic/babel/txtbabel.def)
\bbl@readstream=\read2
\bbl@dirlevel=\count273
 (/usr/local/texlive/2023/texmf-dist/tex/generic/babel-english/english.ldf
Language: english 2017/06/06 v3.3r English support from the babel system
Package babel Info: Hyphen rules for 'canadian' set to \l@english
(babel)             (\language0). Reported on input line 102.
Package babel Info: Hyphen rules for 'australian' set to \l@ukenglish
(babel)             (\language21). Reported on input line 105.
Package babel Info: Hyphen rules for 'newzealand' set to \l@ukenglish
(babel)             (\language21). Reported on input line 108.
) (/usr/local/texlive/2023/texmf-dist/tex/generic/babel-french/francais.ldf
Language: francais 2023/03/08 v3.5q French support from the babel system


Package francais.ldf Warning: Option `francais' for Babel is *deprecated*,
(francais.ldf)                it might be removed sooner or later. Please
(francais.ldf)                use `french' instead; reported on input line 31.

(/usr/local/texlive/2023/texmf-dist/tex/generic/babel-french/french.ldf
Language: french 2023/03/08 v3.5q French support from the babel system
Package babel Info: Hyphen rules for 'acadian' set to \l@french
(babel)             (\language29). Reported on input line 91.
Package babel Info: Hyphen rules for 'canadien' set to \l@french
(babel)             (\language29). Reported on input line 92.
\FB@nonchar=\count274
Package babel Info: Making : an active character on input line 395.
Package babel Info: Making ; an active character on input line 396.
Package babel Info: Making ! an active character on input line 397.
Package babel Info: Making ? an active character on input line 398.
\FBguill@level=\count275
\FBold@everypar=\toks24
\FB@Mht=\dimen155
\mc@charclass=\count276
\mc@charfam=\count277
\mc@charslot=\count278
\std@mcc=\count279
\dec@mcc=\count280
\FB@parskip=\dimen156
\listindentFB=\dimen157
\descindentFB=\dimen158
\labelindentFB=\dimen159
\labelwidthFB=\dimen160
\leftmarginFB=\dimen161
\parindentFFN=\dimen162
\FBfnindent=\dimen163
))) (/usr/local/texlive/2023/texmf-dist/tex/generic/babel/locale/en/babel-english.tex
Package babel Info: Importing font and identification data for english
(babel)             from babel-en.ini. Reported on input line 11.
) (/usr/local/texlive/2023/texmf-dist/tex/latex/carlisle/scalefnt.sty) (/usr/local/texlive/2023/texmf-dist/tex/latex/l3backend/l3backend-pdftex.def
File: l3backend-pdftex.def 2023-01-16 L3 backend support: PDF output (pdfTeX)
\l__color_backend_stack_int=\count281
\l__pdf_internal_box=\box53
) (./LATEX_ADELA.aux (/usr/local/texlive/2023/texmf-dist/tex/generic/babel/locale/fr/babel-french.tex
Package babel Info: Importing font and identification data for french
(babel)             from babel-fr.ini. Reported on input line 11.
))
\openout1 = `LATEX_ADELA.aux'.

LaTeX Font Info:    Checking defaults for OML/cmm/m/it on input line 22.
LaTeX Font Info:    ... okay on input line 22.
LaTeX Font Info:    Checking defaults for OMS/cmsy/m/n on input line 22.
LaTeX Font Info:    ... okay on input line 22.
LaTeX Font Info:    Checking defaults for OT1/cmr/m/n on input line 22.
LaTeX Font Info:    ... okay on input line 22.
LaTeX Font Info:    Checking defaults for T1/cmr/m/n on input line 22.
LaTeX Font Info:    ... okay on input line 22.
LaTeX Font Info:    Checking defaults for TS1/cmr/m/n on input line 22.
LaTeX Font Info:    ... okay on input line 22.
LaTeX Font Info:    Checking defaults for OMX/cmex/m/n on input line 22.
LaTeX Font Info:    ... okay on input line 22.
LaTeX Font Info:    Checking defaults for U/cmr/m/n on input line 22.
LaTeX Font Info:    ... okay on input line 22.
 (/usr/local/texlive/2023/texmf-dist/tex/context/base/mkii/supp-pdf.mkii
[Loading MPS to PDF converter (version 2006.09.02).]
\scratchcounter=\count282
\scratchdimen=\dimen164
\scratchbox=\box54
\nofMPsegments=\count283
\nofMParguments=\count284
\everyMPshowfont=\toks25
\MPscratchCnt=\count285
\MPscratchDim=\dimen165
\MPnumerator=\count286
\makeMPintoPDFobject=\count287
\everyMPtoPDFconversion=\toks26
) (/usr/local/texlive/2023/texmf-dist/tex/latex/epstopdf-pkg/epstopdf-base.sty
Package: epstopdf-base 2020-01-24 v2.11 Base part for package epstopdf
Package epstopdf-base Info: Redefining graphics rule for `.eps' on input line 485.
 (/usr/local/texlive/2023/texmf-dist/tex/latex/latexconfig/epstopdf-sys.cfg
File: epstopdf-sys.cfg 2010/07/13 v1.3 Configuration of (r)epstopdf for TeX Live
))
LaTeX Info: Redefining \degres on input line 22.
LaTeX Info: Redefining \up on input line 22.
LaTeX Font Info:    Trying to load font information for U+msa on input line 32.
 (/usr/local/texlive/2023/texmf-dist/tex/latex/amsfonts/umsa.fd
File: umsa.fd 2013/01/14 v3.01 AMS symbols A
)
LaTeX Font Info:    Trying to load font information for U+msb on input line 32.
 (/usr/local/texlive/2023/texmf-dist/tex/latex/amsfonts/umsb.fd
File: umsb.fd 2013/01/14 v3.01 AMS symbols B
) [63{/usr/local/texlive/2023/texmf-var/fonts/map/pdftex/updmap/pdftex.map}{/usr/local/texlive/2023/texmf-dist/fonts/enc/dvips/cm-super/cm-super-t1.enc}

]
Overfull \hbox (0.53783pt too wide) in paragraph at lines 160--161
\T1/cmr/m/n/10 nez la dé-ri-vée par rap-port à $\OML/cmm/m/it/10 ^^V$\T1/cmr/m/n/10 ) . Ap-pe-lons $[]$ l'es-ti-ma-tion de la moyenne
 []

[64] [65] [66]
<./img//fig1.1.png, id=25, 329.23pt x 108.405pt>
File: ./img//fig1.1.png Graphic file (type png)
<use ./img//fig1.1.png>
Package pdftex.def Info: ./img//fig1.1.png  used on input line 337.
(pdftex.def)             Requested size: 197.53952pt x 65.04349pt.
 [67 <./img//fig1.1.png>] [68] [69] [70

]
Chapitre 2.
[71]
<./img//fig2.1.png, id=49, 89.33376pt x 118.4425pt>
File: ./img//fig2.1.png Graphic file (type png)
<use ./img//fig2.1.png>
Package pdftex.def Info: ./img//fig2.1.png  used on input line 548.
(pdftex.def)             Requested size: 53.60065pt x 71.06604pt.


LaTeX Warning: `h' float specifier changed to `ht'.


Overfull \hbox (6.55893pt too wide) in paragraph at lines 558--559
[]\T1/cmr/m/n/10 Il existe une va-riété de me-sures uti-li-sées ; l'exemple sui-vant en illustre quelques-
 []

[72]
<./img//fig2.2.png, id=53, 221.82875pt x 77.28876pt>
File: ./img//fig2.2.png Graphic file (type png)
<use ./img//fig2.2.png>
Package pdftex.def Info: ./img//fig2.2.png  used on input line 607.
(pdftex.def)             Requested size: 133.09825pt x 46.3736pt.
 [73 <./img//fig2.1.png>] [74 <./img//fig2.2.png>]
Overfull \hbox (15.66835pt too wide) in paragraph at lines 666--667
[]\T1/cmr/m/n/10 L'espace $\OML/cmm/m/it/10 l[]\OT1/cmr/m/n/10 (0\OML/cmm/m/it/10 ; \OMS/cmsy/m/n/10 1\OT1/cmr/m/n/10 )$ \T1/cmr/m/n/10 est consti-tué de toutes les suites de nombres $\OMS/cmsy/m/n/10 f\OML/cmm/m/it/10 x[]; x[]; x[]; :::\OMS/cmsy/m/n/10 g$
 []


Overfull \hbox (21.79999pt too wide) in paragraph at lines 701--703
[][]
 []

[75]
<./img//fig2.3.png, id=67, 428.60126pt x 559.08875pt>
File: ./img//fig2.3.png Graphic file (type png)
<use ./img//fig2.3.png>
Package pdftex.def Info: ./img//fig2.3.png  used on input line 736.
(pdftex.def)             Requested size: 205.72626pt x 268.35954pt.
 [76 <./img//fig2.3.png>]
Overfull \hbox (1.38875pt too wide) in paragraph at lines 786--788
\T1/cmr/m/n/10 Une fois la no-tion de mé-trique éta-blie, nous pou-vons in-tro-duire quelques concepts
 []

[77]
<./img//fig2.4.png, id=76, 253.94875pt x 214.8025pt>
File: ./img//fig2.4.png Graphic file (type png)
<use ./img//fig2.4.png>
Package pdftex.def Info: ./img//fig2.4.png  used on input line 811.
(pdftex.def)             Requested size: 126.97406pt x 107.40099pt.
 [78 <./img//fig2.4.png>]
<./img//fig2.5.png, id=81, 261.97874pt x 155.58125pt>
File: ./img//fig2.5.png Graphic file (type png)
<use ./img//fig2.5.png>
Package pdftex.def Info: ./img//fig2.5.png  used on input line 886.
(pdftex.def)             Requested size: 130.98904pt x 77.79042pt.
 [79 <./img//fig2.5.png>] [80] [81]
<./img//fig2.6.png, id=93, 187.70125pt x 112.42pt>
File: ./img//fig2.6.png Graphic file (type png)
<use ./img//fig2.6.png>
Package pdftex.def Info: ./img//fig2.6.png  used on input line 1081.
(pdftex.def)             Requested size: 93.85039pt x 56.20985pt.
 [82 <./img//fig2.6.png>] [83]
Overfull \hbox (21.79999pt too wide) in paragraph at lines 1176--1178
[][]
 []


Overfull \hbox (1.27919pt too wide) in paragraph at lines 1179--1181
\T1/cmr/m/n/10 En gé-né-ra-li-sant les ré-sul-tats de l'exemple 2.1.16, on peut mon-trer que $\OT1/cmr/m/n/10 (\OML/cmm/m/it/10 C\OT1/cmr/m/n/10 [\OML/cmm/m/it/10 a; b\OT1/cmr/m/n/10 ]\OML/cmm/m/it/10 ; d[]\OT1/cmr/m/n/10 )$
 []


Overfull \hbox (12.1931pt too wide) in paragraph at lines 1179--1181
\T1/cmr/m/n/10 n'est pas un es-pace mé-trique com-plet pour $\OML/cmm/m/it/10 p < \OMS/cmsy/m/n/10 1$\T1/cmr/m/n/10 . Ce-pen-dant, l'es-pace $\OT1/cmr/m/n/10 (\OML/cmm/m/it/10 L[]\OT1/cmr/m/n/10 [\OML/cmm/m/it/10 a; b\OT1/cmr/m/n/10 ]\OML/cmm/m/it/10 ; d[]\OT1/cmr/m/n/10 )$
 []


Underfull \vbox (badness 1629) has occurred while \output is active []

 [84{/usr/local/texlive/2023/texmf-dist/fonts/enc/dvips/cm-super/cm-super-ts1.enc}]
<./img//fig2.7.png, id=109, 688.5725pt x 544.0325pt>
File: ./img//fig2.7.png Graphic file (type png)
<use ./img//fig2.7.png>
Package pdftex.def Info: ./img//fig2.7.png  used on input line 1223.
(pdftex.def)             Requested size: 344.2854pt x 272.01558pt.


LaTeX Warning: `h' float specifier changed to `ht'.

[85] [86 <./img//fig2.7.png>] [87] [88] [89] [90] (./LATEX_ADELA.aux) ) 
Here is how much of TeX's memory you used:
 5085 strings out of 476025
 78396 string characters out of 5790017
 1866388 words of memory out of 5000000
 25459 multiletter control sequences out of 15000+600000
 533206 words of font info for 78 fonts, out of 8000000 for 9000
 1141 hyphenation exceptions out of 8191
 57i,14n,62p,420b,428s stack positions out of 10000i,1000n,20000p,200000b,200000s
</usr/local/texlive/2023/texmf-dist/fonts/type1/public/amsfonts/cm/cmex10.pfb></usr/local/texlive/2023/texmf-dist/fonts/type1/public/amsfonts/cm/cmmi10.pfb></usr/local/texlive/2023/texmf-dist/fonts/type1/public/amsfonts/cm/cmmi12.pfb></usr/local/texlive/2023/texmf-dist/fonts/type1/public/amsfonts/cm/cmmi7.pfb></usr/local/texlive/2023/texmf-dist/fonts/type1/public/amsfonts/cm/cmmi8.pfb></usr/local/texlive/2023/texmf-dist/fonts/type1/public/amsfonts/cm/cmr10.pfb></usr/local/texlive/2023/texmf-dist/fonts/type1/public/amsfonts/cm/cmr7.pfb></usr/local/texlive/2023/texmf-dist/fonts/type1/public/amsfonts/cm/cmsy10.pfb></usr/local/texlive/2023/texmf-dist/fonts/type1/public/amsfonts/cm/cmsy7.pfb></usr/local/texlive/2023/texmf-dist/fonts/type1/public/amsfonts/cm/cmsy8.pfb></usr/local/texlive/2023/texmf-dist/fonts/type1/public/amsfonts/symbols/msbm10.pfb></usr/local/texlive/2023/texmf-dist/fonts/type1/public/cm-super/sfbi1000.pfb></usr/local/texlive/2023/texmf-dist/fonts/type1/public/cm-super/sfbx1000.pfb></usr/local/texlive/2023/texmf-dist/fonts/type1/public/cm-super/sfbx1200.pfb></usr/local/texlive/2023/texmf-dist/fonts/type1/public/cm-super/sfbx1440.pfb></usr/local/texlive/2023/texmf-dist/fonts/type1/public/cm-super/sfbx2074.pfb></usr/local/texlive/2023/texmf-dist/fonts/type1/public/cm-super/sfbx2488.pfb></usr/local/texlive/2023/texmf-dist/fonts/type1/public/cm-super/sfcc1000.pfb></usr/local/texlive/2023/texmf-dist/fonts/type1/public/cm-super/sfrm0700.pfb></usr/local/texlive/2023/texmf-dist/fonts/type1/public/cm-super/sfrm0800.pfb></usr/local/texlive/2023/texmf-dist/fonts/type1/public/cm-super/sfrm1000.pfb></usr/local/texlive/2023/texmf-dist/fonts/type1/public/cm-super/sfti1000.pfb>
Output written on LATEX_ADELA.pdf (28 pages, 884462 bytes).
PDF statistics:
 227 PDF objects out of 1000 (max. 8388607)
 134 compressed objects within 2 object streams
 0 named destinations out of 1000 (max. 500000)
 41 words of extra memory for PDF output out of 10000 (max. 10000000)

